[0.010s] Invoking command in '/home/abyan/Documents/FOR_ALTAIR/ALTAIR-vision/build/ball_detect': CMAKE_PREFIX_PATH=${CMAKE_PREFIX_PATH}:/opt/ros/jazzy DEBUGINFOD_URLS=https://debuginfod.ubuntu.com /usr/bin/cmake --build /home/abyan/Documents/FOR_ALTAIR/ALTAIR-vision/build/ball_detect -- -j16 -l16
[0.084s] [ 66%] [32mBuilding CXX object CMakeFiles/ball_det.dir/src/ball_detector_node.cpp.o[0m
[0.084s] [ 66%] [32mBuilding CXX object CMakeFiles/ball_det.dir/src/ball_detect.cpp.o[0m
[5.943s] [01m[K/home/abyan/Documents/FOR_ALTAIR/ALTAIR-vision/src/ball_detect/src/ball_detect.cpp:[m[K In constructor â€˜[01m[KBallDetector::[01;32m[KBallDetector[m[K()[m[Kâ€™:
[5.943s] [01m[K/home/abyan/Documents/FOR_ALTAIR/ALTAIR-vision/src/ball_detect/src/ball_detect.cpp:35:83:[m[K [01;31m[Kerror: [m[Kâ€˜[01m[Konst[m[Kâ€™ has not been declared
[5.943s]    35 |     this, "image_raw", [this](const sensor_msgs::msg::Image::ConstSharedPtr& img, [01;31m[Konst[m[K sensor_msgs::msg::CameraInfo::ConstSharedPtr& cinfo) {image_callback(img);}, "raw", rmw_qos_profile_sensor_data);
[5.944s]       |                                                                                   [01;31m[K^~~~[m[K
[5.944s] [01m[K/home/abyan/Documents/FOR_ALTAIR/ALTAIR-vision/src/ball_detect/src/ball_detect.cpp:35:132:[m[K [01;31m[Kerror: [m[Kexpected unqualified-id before â€˜[01m[K&[m[Kâ€™ token
[5.944s]    35 |     this, "image_raw", [this](const sensor_msgs::msg::Image::ConstSharedPtr& img, onst sensor_msgs::msg::CameraInfo::ConstSharedPtr[01;31m[K&[m[K cinfo) {image_callback(img);}, "raw", rmw_qos_profile_sensor_data);
[5.944s]       |                                                                                                                                    [01;31m[K^[m[K
[5.944s] [01m[K/home/abyan/Documents/FOR_ALTAIR/ALTAIR-vision/src/ball_detect/src/ball_detect.cpp:35:132:[m[K [01;31m[Kerror: [m[Kexpected â€˜[01m[K)[m[Kâ€™ before â€˜[01m[K&[m[Kâ€™ token
[5.944s]    35 |     this, "image_raw", [this][34m[K([m[Kconst sensor_msgs::msg::Image::ConstSharedPtr& img, onst sensor_msgs::msg::CameraInfo::ConstSharedPtr[01;31m[K&[m[K cinfo) {image_callback(img);}, "raw", rmw_qos_profile_sensor_data);
[5.944s]       |                              [34m[K~[m[K                                                                                                     [01;31m[K^[m[K
[5.944s]       |                                                                                                                                    [32m[K)[m[K
[5.945s] [01m[K/home/abyan/Documents/FOR_ALTAIR/ALTAIR-vision/src/ball_detect/src/ball_detect.cpp:[m[K In lambda function:
[5.945s] [01m[K/home/abyan/Documents/FOR_ALTAIR/ALTAIR-vision/src/ball_detect/src/ball_detect.cpp:35:132:[m[K [01;31m[Kerror: [m[Kexpected â€˜[01m[K{[m[Kâ€™ before â€˜[01m[K&[m[Kâ€™ token
[5.959s] [01m[K/home/abyan/Documents/FOR_ALTAIR/ALTAIR-vision/src/ball_detect/src/ball_detect.cpp:[m[K In constructor â€˜[01m[KBallDetector::[01;32m[KBallDetector[m[K()[m[Kâ€™:
[5.960s] [01m[K/home/abyan/Documents/FOR_ALTAIR/ALTAIR-vision/src/ball_detect/src/ball_detect.cpp:35:134:[m[K [01;31m[Kerror: [m[Kâ€˜[01m[Kcinfo[m[Kâ€™ was not declared in this scope
[5.960s]    35 |     this, "image_raw", [this](const sensor_msgs::msg::Image::ConstSharedPtr& img, onst sensor_msgs::msg::CameraInfo::ConstSharedPtr& [01;31m[Kcinfo[m[K) {image_callback(img);}, "raw", rmw_qos_profile_sensor_data);
[5.960s]       |                                                                                                                                      [01;31m[K^~~~~[m[K
[5.960s] [01m[K/home/abyan/Documents/FOR_ALTAIR/ALTAIR-vision/src/ball_detect/src/ball_detect.cpp:35:163:[m[K [01;31m[Kerror: [m[Kexpected primary-expression before â€˜[01m[K,[m[Kâ€™ token
[5.960s]    35 |     this, "image_raw", [this](const sensor_msgs::msg::Image::ConstSharedPtr& img, onst sensor_msgs::msg::CameraInfo::ConstSharedPtr& cinfo) {image_callback(img);}[01;31m[K,[m[K "raw", rmw_qos_profile_sensor_data);
[5.960s]       |                                                                                                                                                                   [01;31m[K^[m[K
[5.994s] [01m[K/home/abyan/Documents/FOR_ALTAIR/ALTAIR-vision/src/ball_detect/src/ball_detect.cpp:[m[K At global scope:
[5.995s] [01m[K/home/abyan/Documents/FOR_ALTAIR/ALTAIR-vision/src/ball_detect/src/ball_detect.cpp:362:6:[m[K [01;31m[Kerror: [m[Kno declaration matches â€˜[01m[Kvoid BallDetector::[01;32m[Kimage_callback[m[K(const sensor_msgs::msg::Image_<std::allocator<void> >::ConstSharedPtr&)[m[Kâ€™
[5.995s]   362 | void [01;31m[KBallDetector[m[K::image_callback(const sensor_msgs::msg::Image::ConstSharedPtr& img_msg
[5.995s]       |      [01;31m[K^~~~~~~~~~~~[m[K
[5.995s] In file included from [01m[K/home/abyan/Documents/FOR_ALTAIR/ALTAIR-vision/src/ball_detect/src/ball_detect.cpp:1[m[K:
[5.995s] [01m[K/home/abyan/Documents/FOR_ALTAIR/ALTAIR-vision/src/ball_detect/include/ball_detect/ball_detect.hpp:40:10:[m[K [01;36m[Knote: [m[Kcandidate is: â€˜[01m[Kvoid BallDetector::[01;32m[Kimage_callback[m[K(const sensor_msgs::msg::Image_<std::allocator<void> >::ConstSharedPtr&, const sensor_msgs::msg::CameraInfo_<std::allocator<void> >::ConstSharedPtr&)[m[Kâ€™
[5.995s]    40 |     void [01;36m[Kimage_callback[m[K(
[5.995s]       |          [01;36m[K^~~~~~~~~~~~~~[m[K
[5.995s] [01m[K/home/abyan/Documents/FOR_ALTAIR/ALTAIR-vision/src/ball_detect/include/ball_detect/ball_detect.hpp:24:7:[m[K [01;36m[Knote: [m[Kâ€˜[01m[Kclass BallDetector[m[Kâ€™ defined here
[5.996s]    24 | class [01;36m[KBallDetector[m[K : public rclcpp::Node
[5.996s]       |       [01;36m[K^~~~~~~~~~~~[m[K
[9.553s] gmake[2]: *** [CMakeFiles/ball_det.dir/build.make:76: CMakeFiles/ball_det.dir/src/ball_detect.cpp.o] Error 1
[9.554s] gmake[2]: *** Waiting for unfinished jobs....
[10.023s] gmake[1]: *** [CMakeFiles/Makefile2:137: CMakeFiles/ball_det.dir/all] Error 2
[10.023s] gmake: *** [Makefile:146: all] Error 2
[10.025s] Invoked command in '/home/abyan/Documents/FOR_ALTAIR/ALTAIR-vision/build/ball_detect' returned '2': CMAKE_PREFIX_PATH=${CMAKE_PREFIX_PATH}:/opt/ros/jazzy DEBUGINFOD_URLS=https://debuginfod.ubuntu.com /usr/bin/cmake --build /home/abyan/Documents/FOR_ALTAIR/ALTAIR-vision/build/ball_detect -- -j16 -l16
