[  2%] Built target ball_detect__rosidl_generator_type_description
[  2%] Built target ament_cmake_python_copy_ball_detect
[  5%] Built target ball_detect__cpp
[ 18%] Built target ball_detect__rosidl_generator_c
[ 27%] Built target ball_detect__rosidl_typesupport_introspection_c
[ 35%] Built target ball_detect__rosidl_typesupport_cpp
[ 43%] Built target ball_detect__rosidl_typesupport_fastrtps_c
[ 51%] Built target ball_detect__rosidl_typesupport_fastrtps_cpp
[ 59%] Built target ball_detect__rosidl_typesupport_c
[ 67%] Built target ball_detect__rosidl_typesupport_introspection_cpp
[ 67%] Built target ball_detect
[ 70%] [32mBuilding CXX object CMakeFiles/ball_det.dir/src/ball_detect.cpp.o[0m
[ 72%] Built target ball_detect__py
[ 78%] Built target ball_detect__rosidl_generator_py
[ 83%] Built target ball_detect_s__rosidl_typesupport_introspection_c
[ 89%] Built target ball_detect_s__rosidl_typesupport_c
[ 94%] Built target ball_detect_s__rosidl_typesupport_fastrtps_c
running egg_info
writing ball_detect.egg-info/PKG-INFO
writing dependency_links to ball_detect.egg-info/dependency_links.txt
writing top-level names to ball_detect.egg-info/top_level.txt
reading manifest file 'ball_detect.egg-info/SOURCES.txt'
writing manifest file 'ball_detect.egg-info/SOURCES.txt'
[ 94%] Built target ament_cmake_python_build_ball_detect_egg
[01m[K/home/abyan/Documents/FOR_ALTAIR/ALTAIR-vision/src/ball_detect/src/ball_detect.cpp:[m[K In member function â€˜[01m[Kcv::Mat BallDetector::[01;32m[Kdetect[m[K(const cv::Mat&, const cv::Mat&, cv::Mat, std::vector<double, std::allocator<double> >&)[m[Kâ€™:
[01m[K/home/abyan/Documents/FOR_ALTAIR/ALTAIR-vision/src/ball_detect/src/ball_detect.cpp:368:13:[m[K [01;31m[Kerror: [m[Kâ€˜[01m[Kcout[m[Kâ€™ was not declared in this scope; did you mean â€˜[01m[Kstd::cout[m[Kâ€™?
  368 |             [01;31m[Kcout[m[K << "Predicted Distance: " << predictedDistance << " m" << endl;
      |             [01;31m[K^~~~[m[K
      |             [32m[Kstd::cout[m[K
In file included from [01m[K/usr/local/include/opencv4/opencv2/core/utils/logger.hpp:8[m[K,
                 from [01m[K/usr/local/include/opencv4/opencv2/calib3d.hpp:51[m[K,
                 from [01m[K/usr/local/include/opencv4/opencv2/opencv.hpp:56[m[K,
                 from [01m[K/home/abyan/Documents/FOR_ALTAIR/ALTAIR-vision/src/ball_detect/include/ball_detect/ball_detect.hpp:14[m[K,
                 from [01m[K/home/abyan/Documents/FOR_ALTAIR/ALTAIR-vision/src/ball_detect/src/ball_detect.cpp:1[m[K:
[01m[K/usr/include/c++/13/iostream:63:18:[m[K [01;36m[Knote: [m[Kâ€˜[01m[Kstd::cout[m[Kâ€™ declared here
   63 |   extern ostream [01;36m[Kcout[m[K;          ///< Linked to standard output
      |                  [01;36m[K^~~~[m[K
[01m[K/home/abyan/Documents/FOR_ALTAIR/ALTAIR-vision/src/ball_detect/src/ball_detect.cpp:368:76:[m[K [01;31m[Kerror: [m[Kâ€˜[01m[Kendl[m[Kâ€™ was not declared in this scope; did you mean â€˜[01m[Kstd::endl[m[Kâ€™?
  368 |             cout << "Predicted Distance: " << predictedDistance << " m" << [01;31m[Kendl[m[K;
      |                                                                            [01;31m[K^~~~[m[K
      |                                                                            [32m[Kstd::endl[m[K
In file included from [01m[K/usr/include/c++/13/istream:41[m[K,
                 from [01m[K/usr/include/c++/13/sstream:40[m[K,
                 from [01m[K/usr/include/c++/13/complex:45[m[K,
                 from [01m[K/usr/local/include/opencv4/opencv2/core/cvstd.inl.hpp:47[m[K,
                 from [01m[K/usr/local/include/opencv4/opencv2/core.hpp:3414[m[K,
                 from [01m[K/usr/local/include/opencv4/opencv2/opencv.hpp:52[m[K:
[01m[K/usr/include/c++/13/ostream:735:5:[m[K [01;36m[Knote: [m[Kâ€˜[01m[Kstd::endl[m[Kâ€™ declared here
  735 |     [01;36m[Kendl[m[K(basic_ostream<_CharT, _Traits>& __os)
      |     [01;36m[K^~~~[m[K
[01m[K/home/abyan/Documents/FOR_ALTAIR/ALTAIR-vision/src/ball_detect/src/ball_detect.cpp:[m[K In member function â€˜[01m[Kvoid BallDetector::[01;32m[Kimage_callback[m[K(const sensor_msgs::msg::Image_<std::allocator<void> >::ConstSharedPtr&, const sensor_msgs::msg::CameraInfo_<std::allocator<void> >::ConstSharedPtr&)[m[Kâ€™:
[01m[K/home/abyan/Documents/FOR_ALTAIR/ALTAIR-vision/src/ball_detect/src/ball_detect.cpp:404:12:[m[K [01;35m[Kwarning: [m[Kunused variable â€˜[01m[Kfy[m[Kâ€™ [[01;35m[K]8;;https://gcc.gnu.org/onlinedocs/gcc/Warning-Options.html#index-Wunused-variable-Wunused-variable]8;;[m[K]
  404 |     double [01;35m[Kfy[m[K = cinfo_msg->k[4];  // Focal length in y
      |            [01;35m[K^~[m[K
[01m[K/home/abyan/Documents/FOR_ALTAIR/ALTAIR-vision/src/ball_detect/src/ball_detect.cpp:405:12:[m[K [01;35m[Kwarning: [m[Kunused variable â€˜[01m[Kcx[m[Kâ€™ [[01;35m[K]8;;https://gcc.gnu.org/onlinedocs/gcc/Warning-Options.html#index-Wunused-variable-Wunused-variable]8;;[m[K]
  405 |     double [01;35m[Kcx[m[K = cinfo_msg->k[2];  // Principal point x
      |            [01;35m[K^~[m[K
[01m[K/home/abyan/Documents/FOR_ALTAIR/ALTAIR-vision/src/ball_detect/src/ball_detect.cpp:406:12:[m[K [01;35m[Kwarning: [m[Kunused variable â€˜[01m[Kcy[m[Kâ€™ [[01;35m[K]8;;https://gcc.gnu.org/onlinedocs/gcc/Warning-Options.html#index-Wunused-variable-Wunused-variable]8;;[m[K]
  406 |     double [01;35m[Kcy[m[K = cinfo_msg->k[5];  // Principal point y
      |            [01;35m[K^~[m[K
gmake[2]: *** [CMakeFiles/ball_det.dir/build.make:76: CMakeFiles/ball_det.dir/src/ball_detect.cpp.o] Error 1
gmake[1]: *** [CMakeFiles/Makefile2:185: CMakeFiles/ball_det.dir/all] Error 2
gmake: *** [Makefile:146: all] Error 2
